2025-04-07 10:27:00.377 - DBeaver 23.0.1.202303250535 is starting
2025-04-07 10:27:00.381 - OS: Windows 11 10.0 (amd64)
2025-04-07 10:27:00.381 - Java version: 11.0.18 by Eclipse Adoptium (64bit)
2025-04-07 10:27:00.381 - Install path: 'O:\gb_0900_ksg\dbms\resource\dbeaver'
2025-04-07 10:27:00.381 - Instance path: 'file:/O:/gb_0900_ksg/dbms/workspace/'
2025-04-07 10:27:00.381 - Memory available 64Mb/1024Mb
2025-04-07 10:27:00.403 - Create display
2025-04-07 10:27:00.669 - Initializing DBeaver 23.0.1
2025-04-07 10:27:00.669 - Host plugin: org.jkiss.dbeaver.ui.app.standalone 23.0.1.202303250535
2025-04-07 10:27:00.669 - Initialize desktop platform...
2025-04-07 10:27:00.997 - BounceCastle bundle found. Use JCE provider BC
> Start Core File Systems [org.eclipse.core.filesystem 1.9.500.v20220817-1539]
> Start Core Resource Management [org.eclipse.core.resources 3.18.100.v20221025-2047]
> Start DBeaver UI Navigator [org.jkiss.dbeaver.ui.navigator 1.0.102.202303250535]
> Start 팀 지원 핵심 [org.eclipse.team.core 3.9.600.v20220902-2219]
2025-04-07 10:27:01.648 - Initialize base platform...
> Start Expression Language [org.eclipse.core.expressions 3.8.200.v20220613-1047]
2025-04-07 10:27:01.722 - Platform initialized (1053ms)
> Start DBeaver UI Editors - Base [org.jkiss.dbeaver.ui.editors.base 1.0.102.202303250535]
2025-04-07 10:27:01.734 - Starting RMI server at 25547
2025-04-07 10:27:02.031 - Run workbench
> Start DBeaver UI [org.jkiss.dbeaver.ui 5.1.117.202303250535]
> Start Eclipse e4 작업영역 SWT [org.eclipse.e4.ui.workbench.swt 0.16.700.v20221024-2137]
> Start Eclipse Application Services [org.eclipse.e4.core.services 2.3.400.v20220915-1347]
> Start Eclipse UI Application Services [org.eclipse.e4.ui.services 1.5.100.v20221024-2137]
> Start Eclipse e4 Progress View [org.eclipse.e4.ui.progress 0.3.600.v20221024-2137]
> Start EMF XML/XMI Persistence [org.eclipse.emf.ecore.xmi 2.17.0.v20220817-1334]
> Start Eclipse CSS SWT Theme Support [org.eclipse.e4.ui.css.swt.theme 0.13.200.v20221024-2137]
> Start Eclipse e4 작업영역 기능 추가 [org.eclipse.e4.ui.workbench.addons.swt 1.4.500.v20221028-0801]
> Start Eclipse e4 작업영역 SWT 렌더러 [org.eclipse.e4.ui.workbench.renderers.swt 0.15.700.v20221024-2137]
> Start Eclipse Bindings Support [org.eclipse.e4.ui.bindings 0.13.200.v20221024-2137]
> Start Eclipse Dependency Injection Extensions [org.eclipse.e4.core.di.extensions 0.17.200.v20220613-1008]
> Start Eclipse CSS SWT Support [org.eclipse.e4.ui.css.swt 0.14.700.v20221102-0748]
> Start Java Native Access [com.sun.jna 5.12.1.v20221103-2317]
Warning: NLS unused message: BlockedJobsDialog_UserInterfaceTreeElement in: org.eclipse.ui.internal.progress.messages
2025-04-07 10:27:21.348 - Configure workbench window
> Start 도움말 시스템 코어 [org.eclipse.help 3.9.100.v20210721-0601]
2025-04-07 10:27:21.596 - Create actions
2025-04-07 10:27:21.597 - Disable Eclipse action set 'org.eclipse.ui.edit.text.actionSet.annotationNavigation'
2025-04-07 10:27:21.597 - Disable Eclipse action set 'org.eclipse.ui.WorkingSetActionSet'
2025-04-07 10:27:21.604 - Disable Eclipse action set 'org.eclipse.ui.actionSet.openFiles'
2025-04-07 10:27:22.437 - Initialize workbench window
2025-04-07 10:27:22.441 - Finish initialization
> Start 기본 문서 편집기 [org.eclipse.ui.editors 3.14.400.v20220730-1844]
> Start 텍스트 편집기 프레임워크 [org.eclipse.ui.workbench.texteditor 3.16.600.v20220809-1658]
> Start DBeaver UI Editors - Data [org.jkiss.dbeaver.ui.editors.data 1.0.102.202303250535]
> Start DBeaver SQL Model [org.jkiss.dbeaver.model.sql 1.0.92.202303250535]
Warning: NLS unused message: actions_navigator__objects in: org.jkiss.dbeaver.ui.editors.sql.internal.SQLEditorMessages
> Start DBeaver UI Editors - SQL [org.jkiss.dbeaver.ui.editors.sql 1.0.102.202303250535]
> Start 핵심 비교 지원 [org.eclipse.compare.core 3.7.100.v20220812-1406]
> Start Equinox Java Authentication and Authorization Service (JAAS) [org.eclipse.equinox.security 1.3.1000.v20220801-1135]
> Start 인터넷 연결 관리 사용자 인터페이스 [org.eclipse.ui.net 1.4.100.v20220812-1406]
> Start Internet Connection Management [org.eclipse.core.net 1.4.0.v20220813-1037]
> Start DBeaver Sample Database [org.jkiss.dbeaver.ext.sample.database 1.0.139.202303250535]
> Start DBeaver Tip of the day [org.jkiss.dbeaver.ext.ui.tipoftheday 1.0.108.202303250535]
2025-04-07 10:27:26.684 - Total database drivers: 102 (102)
> Start Draw2d [org.eclipse.draw2dl 3.12.100.20230323081744]
> Start GEF3 GEF (MVC) [org.eclipse.gef3 3.12.100.20230323081744]
> Start DBeaver ERD UI [org.jkiss.dbeaver.erd.ui 3.0.62.202303250535]
> Start DBeaver ERD Model [org.jkiss.dbeaver.erd.model 1.0.62.202303250535]
> Start 콘솔 [org.eclipse.ui.console 3.11.400.v20221012-0524]
Warning: NLS unused message: InputStreamMonitor_label in: org.eclipse.debug.internal.core.DebugCoreMessages
Warning: NLS unused message: OutputStreamMonitor_label in: org.eclipse.debug.internal.core.DebugCoreMessages
> Start 디버그 핵심 [org.eclipse.debug.core 3.20.0.v20220811-0741]
2025-04-07 10:27:28.030 - Connect with 'localhost' (oracle_thin-19516f03ff5-70fba48efe6a5d41)
> Start DBeaver Oracle Support [org.jkiss.dbeaver.ext.oracle 2.1.187.202303250535]
2025-04-07 10:27:28.080 - Execution context opened (localhost; Main; 0)
2025-04-07 10:27:28.822 - Open [https://dbeaver.io/product/version.xml]
2025-04-07 10:27:28.831 - Execution context opened (localhost; Metadata; 1)
2025-04-07 10:27:28.928 - Connected (oracle_thin-19516f03ff5-70fba48efe6a5d41, Oracle JDBC driver [11.2.0.2.0])
2025-04-07 10:27:28.936 - Execution context opened (localhost; SQLEditor <teamProject.sql>; 2)
2025-04-07 10:27:48.134 - Connect with 'localhost' (oracle_thin-194fcb0f52b-3373d391be406456)
2025-04-07 10:27:48.135 - Execution context opened (localhost; Main; 3)
2025-04-07 10:27:48.168 - Execution context opened (localhost; Metadata; 4)
2025-04-07 10:27:48.214 - Connected (oracle_thin-194fcb0f52b-3373d391be406456, Oracle JDBC driver [11.2.0.2.0])
2025-04-07 10:27:48.330 - Execution context opened (localhost; SQLEditor <dml.sql>; 5)
2025-04-07 10:27:57.101 - Connect with 'localhost' (oracle_thin-194de0373aa-196066f30103f8b1)
2025-04-07 10:27:57.101 - Execution context opened (localhost; Main; 6)
2025-04-07 10:27:57.125 - Execution context opened (localhost; Metadata; 7)
2025-04-07 10:27:57.161 - Connected (oracle_thin-194de0373aa-196066f30103f8b1, Oracle JDBC driver [11.2.0.2.0])
2025-04-07 10:27:57.260 - Execution context opened (localhost; SQLEditor <ddl.sql>; 8)
2025-04-07 10:28:20.228 - Execution context opened (localhost; SQLEditor <reply.sql>; 9)
2025-04-07 10:28:21.805 - Execution context opened (localhost; SQLEditor <post.sql>; 10)
2025-04-07 10:28:23.171 - Execution context opened (localhost; SQLEditor <member.sql>; 11)
2025-04-07 10:28:26.458 - Execution context closed (localhost, 2)
2025-04-07 10:28:26.532 - Execution context closed (localhost, 5)
2025-04-07 10:28:26.598 - Execution context closed (localhost, 8)
2025-04-07 10:28:26.704 - Execution context closed (localhost, 9)
2025-04-07 10:28:26.786 - Execution context closed (localhost, 10)
2025-04-07 10:28:26.853 - Execution context closed (localhost, 11)
2025-04-07 10:28:27.568 - DBeaver is stopping
2025-04-07 10:28:27.570 - Stop RMI server
2025-04-07 10:28:27.578 - RMI controller has been stopped
2025-04-07 10:28:27.579 - DBeaver shutdown completed
